0 info it worked if it ends with ok
1 verbose cli [ 'node',
1 verbose cli   '/usr/local/bin/npm',
1 verbose cli   'install',
1 verbose cli   'browser-sync',
1 verbose cli   'gulp',
1 verbose cli   'gulp-sass',
1 verbose cli   'gulps-sourcemaps',
1 verbose cli   '--save-dev' ]
2 info using npm@1.4.28
3 info using node@v0.10.35
4 verbose config Skipping project config: /Users/nitwitt10/.npmrc. (matches userconfig)
5 verbose cache add [ 'browser-sync', null ]
6 verbose cache add name=undefined spec="browser-sync" args=["browser-sync",null]
7 verbose parsed url { protocol: null,
7 verbose parsed url   slashes: null,
7 verbose parsed url   auth: null,
7 verbose parsed url   host: null,
7 verbose parsed url   port: null,
7 verbose parsed url   hostname: null,
7 verbose parsed url   hash: null,
7 verbose parsed url   search: null,
7 verbose parsed url   query: null,
7 verbose parsed url   pathname: 'browser-sync',
7 verbose parsed url   path: 'browser-sync',
7 verbose parsed url   href: 'browser-sync' }
8 verbose cache add [ 'gulp', null ]
9 verbose cache add name=undefined spec="gulp" args=["gulp",null]
10 verbose parsed url { protocol: null,
10 verbose parsed url   slashes: null,
10 verbose parsed url   auth: null,
10 verbose parsed url   host: null,
10 verbose parsed url   port: null,
10 verbose parsed url   hostname: null,
10 verbose parsed url   hash: null,
10 verbose parsed url   search: null,
10 verbose parsed url   query: null,
10 verbose parsed url   pathname: 'gulp',
10 verbose parsed url   path: 'gulp',
10 verbose parsed url   href: 'gulp' }
11 verbose cache add [ 'gulp-sass', null ]
12 verbose cache add name=undefined spec="gulp-sass" args=["gulp-sass",null]
13 verbose parsed url { protocol: null,
13 verbose parsed url   slashes: null,
13 verbose parsed url   auth: null,
13 verbose parsed url   host: null,
13 verbose parsed url   port: null,
13 verbose parsed url   hostname: null,
13 verbose parsed url   hash: null,
13 verbose parsed url   search: null,
13 verbose parsed url   query: null,
13 verbose parsed url   pathname: 'gulp-sass',
13 verbose parsed url   path: 'gulp-sass',
13 verbose parsed url   href: 'gulp-sass' }
14 verbose cache add [ 'gulps-sourcemaps', null ]
15 verbose cache add name=undefined spec="gulps-sourcemaps" args=["gulps-sourcemaps",null]
16 verbose parsed url { protocol: null,
16 verbose parsed url   slashes: null,
16 verbose parsed url   auth: null,
16 verbose parsed url   host: null,
16 verbose parsed url   port: null,
16 verbose parsed url   hostname: null,
16 verbose parsed url   hash: null,
16 verbose parsed url   search: null,
16 verbose parsed url   query: null,
16 verbose parsed url   pathname: 'gulps-sourcemaps',
16 verbose parsed url   path: 'gulps-sourcemaps',
16 verbose parsed url   href: 'gulps-sourcemaps' }
17 silly lockFile 6d7be3df-browser-sync browser-sync
18 verbose lock browser-sync /Users/nitwitt10/.npm/6d7be3df-browser-sync.lock
19 silly lockFile 9750c68d-gulp gulp
20 verbose lock gulp /Users/nitwitt10/.npm/9750c68d-gulp.lock
21 silly lockFile 993318e6-gulp-sass gulp-sass
22 verbose lock gulp-sass /Users/nitwitt10/.npm/993318e6-gulp-sass.lock
23 silly lockFile 4c420191-gulps-sourcemaps gulps-sourcemaps
24 verbose lock gulps-sourcemaps /Users/nitwitt10/.npm/4c420191-gulps-sourcemaps.lock
25 silly lockFile 6d7be3df-browser-sync browser-sync
26 silly lockFile 6d7be3df-browser-sync browser-sync
27 silly lockFile 9750c68d-gulp gulp
28 silly lockFile 9750c68d-gulp gulp
29 silly lockFile 993318e6-gulp-sass gulp-sass
30 silly lockFile 993318e6-gulp-sass gulp-sass
31 silly lockFile 4c420191-gulps-sourcemaps gulps-sourcemaps
32 silly lockFile 4c420191-gulps-sourcemaps gulps-sourcemaps
33 verbose addNamed [ 'browser-sync', '' ]
34 verbose addNamed [ null, '*' ]
35 silly lockFile 6373e9ab-browser-sync browser-sync@
36 verbose lock browser-sync@ /Users/nitwitt10/.npm/6373e9ab-browser-sync.lock
37 verbose addNamed [ 'gulp', '' ]
38 verbose addNamed [ null, '*' ]
39 silly lockFile 72f4391e-gulp gulp@
40 verbose lock gulp@ /Users/nitwitt10/.npm/72f4391e-gulp.lock
41 verbose addNamed [ 'gulp-sass', '' ]
42 verbose addNamed [ null, '*' ]
43 silly lockFile 59b5e58d-gulp-sass gulp-sass@
44 verbose lock gulp-sass@ /Users/nitwitt10/.npm/59b5e58d-gulp-sass.lock
45 verbose addNamed [ 'gulps-sourcemaps', '' ]
46 verbose addNamed [ null, '*' ]
47 silly lockFile 5bbebd97-gulps-sourcemaps gulps-sourcemaps@
48 verbose lock gulps-sourcemaps@ /Users/nitwitt10/.npm/5bbebd97-gulps-sourcemaps.lock
49 silly addNameRange { name: 'browser-sync', range: '*', hasData: false }
50 silly addNameRange { name: 'gulp', range: '*', hasData: false }
51 silly addNameRange { name: 'gulp-sass', range: '*', hasData: false }
52 silly addNameRange { name: 'gulps-sourcemaps', range: '*', hasData: false }
53 verbose request where is /gulps-sourcemaps
54 verbose request registry https://registry.npmjs.org/
55 verbose request id b02034dd93bde5fc
56 verbose url raw /gulps-sourcemaps
57 verbose url resolving [ 'https://registry.npmjs.org/', './gulps-sourcemaps' ]
58 verbose url resolved https://registry.npmjs.org/gulps-sourcemaps
59 verbose request where is https://registry.npmjs.org/gulps-sourcemaps
60 info trying registry request attempt 1 at 11:15:13
61 http GET https://registry.npmjs.org/gulps-sourcemaps
62 verbose request where is /gulp
63 verbose request registry https://registry.npmjs.org/
64 verbose url raw /gulp
65 verbose url resolving [ 'https://registry.npmjs.org/', './gulp' ]
66 verbose url resolved https://registry.npmjs.org/gulp
67 verbose request where is https://registry.npmjs.org/gulp
68 info trying registry request attempt 1 at 11:15:13
69 verbose etag "16GSA9ZV2FFAC5TFNK31CQPOK"
70 http GET https://registry.npmjs.org/gulp
71 verbose request where is /browser-sync
72 verbose request registry https://registry.npmjs.org/
73 verbose url raw /browser-sync
74 verbose url resolving [ 'https://registry.npmjs.org/', './browser-sync' ]
75 verbose url resolved https://registry.npmjs.org/browser-sync
76 verbose request where is https://registry.npmjs.org/browser-sync
77 info trying registry request attempt 1 at 11:15:13
78 verbose etag "8ZM1FA42LDW94TJN2AVSF9O3T"
79 http GET https://registry.npmjs.org/browser-sync
80 verbose request where is /gulp-sass
81 verbose request registry https://registry.npmjs.org/
82 verbose url raw /gulp-sass
83 verbose url resolving [ 'https://registry.npmjs.org/', './gulp-sass' ]
84 verbose url resolved https://registry.npmjs.org/gulp-sass
85 verbose request where is https://registry.npmjs.org/gulp-sass
86 info trying registry request attempt 1 at 11:15:13
87 verbose etag "2JTSVSX6N650OIKOAB6G7DP40"
88 http GET https://registry.npmjs.org/gulp-sass
89 http 304 https://registry.npmjs.org/gulp-sass
90 silly registry.get cb [ 304,
90 silly registry.get   { date: 'Fri, 06 Mar 2015 18:15:13 GMT',
90 silly registry.get     server: 'Apache',
90 silly registry.get     via: '1.1 varnish',
90 silly registry.get     'last-modified': 'Fri, 06 Mar 2015 18:15:13 GMT',
90 silly registry.get     'cache-control': 'max-age=60',
90 silly registry.get     etag: '"2JTSVSX6N650OIKOAB6G7DP40"',
90 silly registry.get     age: '55',
90 silly registry.get     'x-served-by': 'cache-ord1723-ORD',
90 silly registry.get     'x-cache': 'HIT',
90 silly registry.get     'x-cache-hits': '1',
90 silly registry.get     'x-timer': 'S1425665713.679889,VS0,VE0',
90 silly registry.get     vary: 'Accept',
90 silly registry.get     'content-length': '0',
90 silly registry.get     'keep-alive': 'timeout=10, max=50',
90 silly registry.get     connection: 'Keep-Alive' } ]
91 verbose etag https://registry.npmjs.org/gulp-sass from cache
92 http 304 https://registry.npmjs.org/gulp
93 silly registry.get cb [ 304,
93 silly registry.get   { date: 'Fri, 06 Mar 2015 18:15:13 GMT',
93 silly registry.get     server: 'Apache',
93 silly registry.get     via: '1.1 varnish',
93 silly registry.get     'last-modified': 'Fri, 06 Mar 2015 18:15:13 GMT',
93 silly registry.get     'cache-control': 'max-age=60',
93 silly registry.get     etag: '"16GSA9ZV2FFAC5TFNK31CQPOK"',
93 silly registry.get     age: '24',
93 silly registry.get     'x-served-by': 'cache-ord1723-ORD',
93 silly registry.get     'x-cache': 'HIT',
93 silly registry.get     'x-cache-hits': '1',
93 silly registry.get     'x-timer': 'S1425665713.684705,VS0,VE0',
93 silly registry.get     vary: 'Accept',
93 silly registry.get     'content-length': '0',
93 silly registry.get     'keep-alive': 'timeout=10, max=50',
93 silly registry.get     connection: 'Keep-Alive' } ]
94 verbose etag https://registry.npmjs.org/gulp from cache
95 http 304 https://registry.npmjs.org/browser-sync
96 silly registry.get cb [ 304,
96 silly registry.get   { date: 'Fri, 06 Mar 2015 18:15:13 GMT',
96 silly registry.get     server: 'Apache',
96 silly registry.get     via: '1.1 varnish',
96 silly registry.get     'last-modified': 'Fri, 06 Mar 2015 18:15:13 GMT',
96 silly registry.get     'cache-control': 'max-age=60',
96 silly registry.get     etag: '"8ZM1FA42LDW94TJN2AVSF9O3T"',
96 silly registry.get     age: '24',
96 silly registry.get     'x-served-by': 'cache-ord1732-ORD',
96 silly registry.get     'x-cache': 'HIT',
96 silly registry.get     'x-cache-hits': '1',
96 silly registry.get     'x-timer': 'S1425665713.688638,VS0,VE1',
96 silly registry.get     vary: 'Accept',
96 silly registry.get     'content-length': '0',
96 silly registry.get     'keep-alive': 'timeout=10, max=50',
96 silly registry.get     connection: 'Keep-Alive' } ]
97 verbose etag https://registry.npmjs.org/browser-sync from cache
98 silly addNameRange number 2 { name: 'gulp-sass', range: '*', hasData: true }
99 silly addNameRange versions [ 'gulp-sass',
99 silly addNameRange   [ '0.1.0',
99 silly addNameRange     '0.2.1',
99 silly addNameRange     '0.2.2',
99 silly addNameRange     '0.2.3',
99 silly addNameRange     '0.3.0',
99 silly addNameRange     '0.4.0',
99 silly addNameRange     '0.4.1',
99 silly addNameRange     '0.5.0',
99 silly addNameRange     '0.5.1',
99 silly addNameRange     '0.5.2',
99 silly addNameRange     '0.6.0',
99 silly addNameRange     '0.7.0',
99 silly addNameRange     '0.7.1',
99 silly addNameRange     '0.7.2',
99 silly addNameRange     '0.7.3',
99 silly addNameRange     '1.0.0',
99 silly addNameRange     '1.1.0',
99 silly addNameRange     '1.2.0',
99 silly addNameRange     '1.2.1',
99 silly addNameRange     '1.2.2',
99 silly addNameRange     '1.2.3',
99 silly addNameRange     '1.2.4',
99 silly addNameRange     '1.3.0',
99 silly addNameRange     '1.3.1',
99 silly addNameRange     '1.3.2',
99 silly addNameRange     '1.3.3' ] ]
100 verbose addNamed [ 'gulp-sass', '1.3.3' ]
101 verbose addNamed [ '1.3.3', '1.3.3' ]
102 silly lockFile bd3023a4-gulp-sass-1-3-3 gulp-sass@1.3.3
103 verbose lock gulp-sass@1.3.3 /Users/nitwitt10/.npm/bd3023a4-gulp-sass-1-3-3.lock
104 silly addNameRange number 2 { name: 'gulp', range: '*', hasData: true }
105 silly addNameRange versions [ 'gulp',
105 silly addNameRange   [ '0.0.1',
105 silly addNameRange     '0.0.2',
105 silly addNameRange     '0.0.3',
105 silly addNameRange     '0.0.4',
105 silly addNameRange     '0.0.5',
105 silly addNameRange     '0.0.7',
105 silly addNameRange     '0.0.8',
105 silly addNameRange     '0.0.9',
105 silly addNameRange     '0.1.0',
105 silly addNameRange     '0.2.0',
105 silly addNameRange     '1.0.0',
105 silly addNameRange     '1.1.0',
105 silly addNameRange     '1.2.0',
105 silly addNameRange     '1.2.1',
105 silly addNameRange     '2.0.0',
105 silly addNameRange     '2.0.1',
105 silly addNameRange     '2.1.0',
105 silly addNameRange     '2.2.0',
105 silly addNameRange     '2.3.0',
105 silly addNameRange     '2.4.0',
105 silly addNameRange     '2.4.1',
105 silly addNameRange     '2.6.0',
105 silly addNameRange     '2.6.1',
105 silly addNameRange     '2.7.0',
105 silly addNameRange     '3.0.0',
105 silly addNameRange     '3.1.1',
105 silly addNameRange     '3.1.2',
105 silly addNameRange     '3.1.3',
105 silly addNameRange     '3.1.4',
105 silly addNameRange     '3.2.0',
105 silly addNameRange     '3.2.1',
105 silly addNameRange     '3.2.2',
105 silly addNameRange     '3.2.3',
105 silly addNameRange     '3.2.4',
105 silly addNameRange     '3.2.5',
105 silly addNameRange     '3.3.0',
105 silly addNameRange     '3.3.1',
105 silly addNameRange     '3.3.2',
105 silly addNameRange     '3.3.4',
105 silly addNameRange     '3.4.0',
105 silly addNameRange     '3.5.0',
105 silly addNameRange     '3.5.1',
105 silly addNameRange     '3.5.2',
105 silly addNameRange     '3.5.5',
105 silly addNameRange     '3.5.6',
105 silly addNameRange     '3.6.0',
105 silly addNameRange     '3.6.1',
105 silly addNameRange     '3.6.2',
105 silly addNameRange     '3.7.0',
105 silly addNameRange     '3.8.0',
105 silly addNameRange     '3.8.1',
105 silly addNameRange     '3.8.2',
105 silly addNameRange     '3.8.3',
105 silly addNameRange     '3.8.4',
105 silly addNameRange     '3.8.5',
105 silly addNameRange     '3.8.6',
105 silly addNameRange     '3.8.7',
105 silly addNameRange     '3.8.8',
105 silly addNameRange     '3.8.9',
105 silly addNameRange     '3.8.10',
105 silly addNameRange     '3.8.11' ] ]
106 verbose addNamed [ 'gulp', '3.8.11' ]
107 verbose addNamed [ '3.8.11', '3.8.11' ]
108 silly lockFile 3d31ec08-gulp-3-8-11 gulp@3.8.11
109 verbose lock gulp@3.8.11 /Users/nitwitt10/.npm/3d31ec08-gulp-3-8-11.lock
110 silly addNameRange number 2 { name: 'browser-sync', range: '*', hasData: true }
111 silly addNameRange versions [ 'browser-sync',
111 silly addNameRange   [ '0.1.0',
111 silly addNameRange     '0.1.1',
111 silly addNameRange     '0.1.3',
111 silly addNameRange     '0.1.5',
111 silly addNameRange     '0.1.6',
111 silly addNameRange     '0.1.7',
111 silly addNameRange     '0.1.8',
111 silly addNameRange     '0.1.9',
111 silly addNameRange     '0.1.10',
111 silly addNameRange     '0.2.0',
111 silly addNameRange     '0.2.1',
111 silly addNameRange     '0.3.0',
111 silly addNameRange     '0.3.1',
111 silly addNameRange     '0.3.2',
111 silly addNameRange     '0.3.3',
111 silly addNameRange     '0.3.4',
111 silly addNameRange     '0.3.5',
111 silly addNameRange     '0.3.6',
111 silly addNameRange     '0.3.7',
111 silly addNameRange     '0.3.8',
111 silly addNameRange     '0.3.10',
111 silly addNameRange     '0.4.0',
111 silly addNameRange     '0.4.1',
111 silly addNameRange     '0.4.2',
111 silly addNameRange     '0.4.21',
111 silly addNameRange     '0.4.3',
111 silly addNameRange     '0.4.4',
111 silly addNameRange     '0.4.5',
111 silly addNameRange     '0.4.6',
111 silly addNameRange     '0.4.7',
111 silly addNameRange     '0.4.8',
111 silly addNameRange     '0.4.9',
111 silly addNameRange     '0.4.10',
111 silly addNameRange     '0.4.11',
111 silly addNameRange     '0.4.12',
111 silly addNameRange     '0.5.0',
111 silly addNameRange     '0.5.1',
111 silly addNameRange     '0.5.2',
111 silly addNameRange     '0.5.3',
111 silly addNameRange     '0.5.4',
111 silly addNameRange     '0.5.5',
111 silly addNameRange     '0.5.6',
111 silly addNameRange     '0.5.7',
111 silly addNameRange     '0.5.8',
111 silly addNameRange     '0.5.9',
111 silly addNameRange     '0.6.0',
111 silly addNameRange     '0.6.1',
111 silly addNameRange     '0.6.2',
111 silly addNameRange     '0.7.0',
111 silly addNameRange     '0.7.1',
111 silly addNameRange     '0.7.2',
111 silly addNameRange     '0.7.3',
111 silly addNameRange     '0.7.4',
111 silly addNameRange     '0.7.5',
111 silly addNameRange     '0.7.7',
111 silly addNameRange     '0.8.0',
111 silly addNameRange     '0.8.1',
111 silly addNameRange     '0.8.2',
111 silly addNameRange     '0.9.0',
111 silly addNameRange     '0.9.1',
111 silly addNameRange     '1.0.0',
111 silly addNameRange     '1.1.0',
111 silly addNameRange     '1.1.1',
111 silly addNameRange     '1.1.2',
111 silly addNameRange     '1.2.0',
111 silly addNameRange     '1.2.1',
111 silly addNameRange     '1.3.0',
111 silly addNameRange     '1.3.2',
111 silly addNameRange     '1.3.3',
111 silly addNameRange     '1.3.4',
111 silly addNameRange     '1.3.5',
111 silly addNameRange     '1.3.6',
111 silly addNameRange     '1.3.7',
111 silly addNameRange     '1.5.0',
111 silly addNameRange     '1.5.1',
111 silly addNameRange     '1.5.2',
111 silly addNameRange     '1.5.3',
111 silly addNameRange     '1.5.4',
111 silly addNameRange     '1.5.5',
111 silly addNameRange     '1.5.6',
111 silly addNameRange     '1.5.7',
111 silly addNameRange     '1.5.8',
111 silly addNameRange     '1.5.9',
111 silly addNameRange     '1.6.0',
111 silly addNameRange     '1.6.1',
111 silly addNameRange     '1.6.2',
111 silly addNameRange     '1.6.3',
111 silly addNameRange     '1.6.4',
111 silly addNameRange     '1.6.5',
111 silly addNameRange     '1.7.0',
111 silly addNameRange     '1.7.1',
111 silly addNameRange     '1.7.2',
111 silly addNameRange     '1.7.3',
111 silly addNameRange     '1.8.0',
111 silly addNameRange     '1.8.1',
111 silly addNameRange     '1.8.2',
111 silly addNameRange     '1.8.3',
111 silly addNameRange     '1.9.0',
111 silly addNameRange     '1.9.1',
111 silly addNameRange     '2.0.0-rc1',
111 silly addNameRange     '2.0.0-rc2',
111 silly addNameRange     '2.0.0-rc3',
111 silly addNameRange     '2.0.0-rc4',
111 silly addNameRange     '2.0.0-rc5',
111 silly addNameRange     '2.0.0-rc6',
111 silly addNameRange     '2.0.0-rc7',
111 silly addNameRange     '2.0.0-rc8',
111 silly addNameRange     '2.0.0-rc9',
111 silly addNameRange     '2.0.0-rc10',
111 silly addNameRange     '2.0.0',
111 silly addNameRange     '2.0.1',
111 silly addNameRange     '2.1.0',
111 silly addNameRange     '2.1.1',
111 silly addNameRange     '2.1.2',
111 silly addNameRange     '2.1.3',
111 silly addNameRange     '2.1.4',
111 silly addNameRange     '2.1.6',
111 silly addNameRange     '2.2.0',
111 silly addNameRange     '2.2.1',
111 silly addNameRange     '2.2.2' ] ]
112 verbose addNamed [ 'browser-sync', '2.2.2' ]
113 verbose addNamed [ '2.2.2', '2.2.2' ]
114 silly lockFile e674382e-browser-sync-2-2-2 browser-sync@2.2.2
115 verbose lock browser-sync@2.2.2 /Users/nitwitt10/.npm/e674382e-browser-sync-2-2-2.lock
116 silly lockFile bd3023a4-gulp-sass-1-3-3 gulp-sass@1.3.3
117 silly lockFile bd3023a4-gulp-sass-1-3-3 gulp-sass@1.3.3
118 silly lockFile 59b5e58d-gulp-sass gulp-sass@
119 silly lockFile 59b5e58d-gulp-sass gulp-sass@
120 silly lockFile 3d31ec08-gulp-3-8-11 gulp@3.8.11
121 silly lockFile 3d31ec08-gulp-3-8-11 gulp@3.8.11
122 silly lockFile 72f4391e-gulp gulp@
123 silly lockFile 72f4391e-gulp gulp@
124 silly lockFile e674382e-browser-sync-2-2-2 browser-sync@2.2.2
125 silly lockFile e674382e-browser-sync-2-2-2 browser-sync@2.2.2
126 silly lockFile 6373e9ab-browser-sync browser-sync@
127 silly lockFile 6373e9ab-browser-sync browser-sync@
128 http 404 https://registry.npmjs.org/gulps-sourcemaps
129 verbose headers { date: 'Fri, 06 Mar 2015 18:15:13 GMT',
129 verbose headers   server: 'CouchDB/1.5.0 (Erlang OTP/R16B03)',
129 verbose headers   'content-type': 'application/json',
129 verbose headers   'cache-control': 'max-age=0',
129 verbose headers   'content-length': '52',
129 verbose headers   'accept-ranges': 'bytes',
129 verbose headers   via: '1.1 varnish',
129 verbose headers   age: '0',
129 verbose headers   'x-served-by': 'cache-ord1735-ORD',
129 verbose headers   'x-cache': 'MISS',
129 verbose headers   'x-cache-hits': '0',
129 verbose headers   'x-timer': 'S1425665713.678155,VS0,VE65',
129 verbose headers   'keep-alive': 'timeout=10, max=50',
129 verbose headers   connection: 'Keep-Alive' }
130 silly registry.get cb [ 404,
130 silly registry.get   { date: 'Fri, 06 Mar 2015 18:15:13 GMT',
130 silly registry.get     server: 'CouchDB/1.5.0 (Erlang OTP/R16B03)',
130 silly registry.get     'content-type': 'application/json',
130 silly registry.get     'cache-control': 'max-age=0',
130 silly registry.get     'content-length': '52',
130 silly registry.get     'accept-ranges': 'bytes',
130 silly registry.get     via: '1.1 varnish',
130 silly registry.get     age: '0',
130 silly registry.get     'x-served-by': 'cache-ord1735-ORD',
130 silly registry.get     'x-cache': 'MISS',
130 silly registry.get     'x-cache-hits': '0',
130 silly registry.get     'x-timer': 'S1425665713.678155,VS0,VE65',
130 silly registry.get     'keep-alive': 'timeout=10, max=50',
130 silly registry.get     connection: 'Keep-Alive' } ]
131 silly lockFile 5bbebd97-gulps-sourcemaps gulps-sourcemaps@
132 silly lockFile 5bbebd97-gulps-sourcemaps gulps-sourcemaps@
133 error 404 404 Not Found: gulps-sourcemaps
133 error 404
133 error 404 'gulps-sourcemaps' is not in the npm registry.
133 error 404 You should bug the author to publish it
133 error 404
133 error 404 Note that you can also install from a
133 error 404 tarball, folder, or http url, or git url.
134 error System Darwin 14.1.0
135 error command "node" "/usr/local/bin/npm" "install" "browser-sync" "gulp" "gulp-sass" "gulps-sourcemaps" "--save-dev"
136 error cwd /Users/nitwitt10/Desktop/wearexxv
137 error node -v v0.10.35
138 error npm -v 1.4.28
139 error code E404
140 verbose exit [ 1, true ]
